Arguments: 
  C:\Program Files\nodejs\node.exe C:\Users\SYED\AppData\Roaming\npm\node_modules\yarn\bin\yarn.js

PATH: 
  C:\Program Files (x86)\Common Files\Oracle\Java\javapath;C:\WINDOWS\system32;C:\WINDOWS;C:\WINDOWS\System32\Wbem;C:\WINDOWS\System32\WindowsPowerShell\v1.0\;C:\WINDOWS\System32\OpenSSH\;C:\Program Files\MATLAB\R2019b\bin;C:\Program Files\nodejs\;C:\Users\SYED\AppData\Local\Microsoft\WindowsApps;C:\Users\SYED\AppData\Local\Programs\Microsoft VS Code\bin;C:\Users\SYED\AppData\Roaming\npm;C:\Users\SYED\AppData\Local\Programs\Git\cmd

Yarn version: 
  1.22.4

Node version: 
  12.18.1

Platform: 
  win32 x64

Trace: 
  Error: EPERM: operation not permitted, unlink 'C:\Users\SYED\Videos\Bootcamp-2020\bookmarkapp\node_modules\bufferutil\prebuilds\win32-x64\node.napi.node'

npm manifest: 
  {
    "name": "gatsby-starter-minimal",
    "version": "1.0.0",
    "private": true,
    "description": "A Gatsby starter for running recipes and adding themes. It does not come with any pages.",
    "author": "Laurie Barth",
    "keywords": [
      "gatsby"
    ],
    "scripts": {
      "develop": "gatsby develop",
      "start": "gatsby develop",
      "build": "gatsby build",
      "clean": "gatsby clean"
    },
    "license": "0BSD",
    "dependencies": {
      "@apollo/client": "^3.2.5",
      "@types/react-loader-spinner": "^3.1.1",
      "@typescript-eslint/eslint-plugin": "^4.7.0",
      "@typescript-eslint/parser": "^4.7.0",
      "apollo-server-lambda": "^2.19.0",
      "cross-fetch": "^3.0.6",
      "dotenv": "^8.2.0",
      "faunadb": "^3.0.1",
      "gatsby": "^2.25.4",
      "gatsby-plugin-typescript": "^2.5.0",
      "graphql": "^15.4.0",
      "react": "^16.14.0",
      "react-dom": "^16.14.0",
      "react-helmet": "^6.1.0",
      "react-hook-form": "^6.11.0",
      "react-loader-spinner": "^3.1.14",
      "sweetalert2": "^10.10.0",
      "typescript": "^4.0.5"
    }
  }

yarn manifest: 
  No manifest

Lockfile: 
  No lockfile
